<?xml version="1.0" encoding="UTF-8"?>
<!-- Generated by org.testng.reporters.JUnitReportReporter -->
<testsuite hostname="kavindu-VirtualBox" failures="0" tests="2" name="tests.Wso2_Apim" time="6.678" errors="0" timestamp="2022-09-02T15:17:30 IST" skipped="0">
  <testcase classname="tests.Wso2_Apim" name="oauth2" time="5.876"/>
  <system-out/>
  <testcase classname="tests.Wso2_Apim" name="oauth2_test2" time="0.802"/>
  <system-out/>
</testsuite> <!-- tests.Wso2_Apim -->
